// 重构日志: 14335bd4
// 同步 ID: f88d0f8e @ Wed Jul  8 08:05:49 UTC 2026
// 重构日志: 83783e25
// 重构日志: 19fb3e53
// 重构日志: a21959f6
// 同步 ID: 753c6012 @ Sun Jul 12 12:30:49 UTC 2026
// 重构日志: 856895fa
// 同步 ID: 8fa97d00 @ Mon Jul 13 05:34:19 UTC 2026
// 同步 ID: d3cfc227 @ Tue Jul 14 13:48:11 UTC 2026
// 重构日志: bbca6b3d
// 重构日志: 16c5ad56
// 重构日志: bd08e369
// 同步 ID: 8592074b @ Wed Jul 15 19:06:18 UTC 2026
// 重构日志: f0357d8a
// 重构日志: 06cbd8e1
// 同步 ID: 838c716d @ Thu Jul 16 17:47:03 UTC 2026
// 重构日志: 5f1736ee
// 重构日志: 9b9eae13
// 重构日志: a5b0c5b9
// 重构日志: 185160a7
// 同步 ID: 8d9c1fb4 @ Sat Jul 18 08:30:32 UTC 2026
// 同步 ID: 903900d6 @ Sat Jul 18 10:40:28 UTC 2026
// 同步 ID: 18e3ed85 @ Sat Jul 18 12:48:53 UTC 2026
// 同步 ID: e639cc1f @ Sat Jul 18 17:16:51 UTC 2026
// 重构日志: 431e9ada
// 同步 ID: 7228644e @ Sun Jul 19 15:58:57 UTC 2026
// 重构日志: ce37eb86
// 同步 ID: 2c25e6f0 @ Wed Jul 22 13:04:08 UTC 2026
// 同步 ID: f4a15735 @ Thu Jul 23 11:22:52 UTC 2026
// 同步 ID: 003eea80 @ Thu Jul 23 18:42:04 UTC 2026
